[INFO ] 2019-07-08T00:57:47,499Z [main] cordapp.JarScanningCordappLoader.<init> - Loading CorDapps from RestrictedURL(url=file:/Users/moin/Documents/corda/corda-bootcamp-practise/bootcamp-cordapp/build/generated-custom-cordapps/20190708-005747.003/custom-cordapp_1_4_3f048562-59fe-4520-a815-5f927dee75ce.jar, rootPackageName=null) {}
[INFO ] 2019-07-08T00:57:47,550Z [main] cordapp.JarScanningCordappLoader.scanCordapp - Scanning CorDapp in file:/Users/moin/Documents/corda/corda-bootcamp-practise/bootcamp-cordapp/build/generated-custom-cordapps/20190708-005747.003/custom-cordapp_1_4_3f048562-59fe-4520-a815-5f927dee75ce.jar {}
[INFO ] 2019-07-08T00:57:47,599Z [main] cordapp.JarScanningCordappLoader.findNotaryService - Found notary service CorDapp implementations:  {}
[INFO ] 2019-07-08T01:17:11,226Z [main] cordapp.JarScanningCordappLoader.<init> - Loading CorDapps from RestrictedURL(url=file:/Users/moin/Documents/corda/corda-bootcamp-practise/bootcamp-cordapp/build/generated-custom-cordapps/20190708-011710.838/custom-cordapp_1_4_a097c5b0-04b1-43ec-a305-95359e27289c.jar, rootPackageName=null) {}
[INFO ] 2019-07-08T01:17:11,257Z [main] cordapp.JarScanningCordappLoader.scanCordapp - Scanning CorDapp in file:/Users/moin/Documents/corda/corda-bootcamp-practise/bootcamp-cordapp/build/generated-custom-cordapps/20190708-011710.838/custom-cordapp_1_4_a097c5b0-04b1-43ec-a305-95359e27289c.jar {}
[INFO ] 2019-07-08T01:17:11,323Z [main] cordapp.JarScanningCordappLoader.findNotaryService - Found notary service CorDapp implementations:  {}
[WARN ] 2019-07-08T01:17:12,207Z [main] contracts.TransactionState.<init> - State class bootcamp.TokenState is not annotated with @BelongsToContract, and does not have an enclosing class which implements Contract. Annotate TokenState with @BelongsToContract(bootcamp.TokenContract.class) to remove this warning. {}
[WARN ] 2019-07-08T01:17:12,213Z [main] contracts.AttachmentConstraint.warnOnce - Found state bootcamp.TokenContract that is constrained by the insecure: AlwaysAcceptAttachmentConstraint. {}
[INFO ] 2019-07-08T01:17:12,286Z [main] model.LocalTypeInformationBuilder.buildNonAtomic - Properties of type bootcamp.TokenState do not satisfy its constructor, type has been marked as non-composable {}
[INFO ] 2019-07-08T01:18:41,635Z [main] cordapp.JarScanningCordappLoader.<init> - Loading CorDapps from RestrictedURL(url=file:/Users/moin/Documents/corda/corda-bootcamp-practise/bootcamp-cordapp/build/generated-custom-cordapps/20190708-011841.260/custom-cordapp_1_4_7553c557-413b-42f5-951b-9a6cd5a74b8d.jar, rootPackageName=null) {}
[INFO ] 2019-07-08T01:18:41,659Z [main] cordapp.JarScanningCordappLoader.scanCordapp - Scanning CorDapp in file:/Users/moin/Documents/corda/corda-bootcamp-practise/bootcamp-cordapp/build/generated-custom-cordapps/20190708-011841.260/custom-cordapp_1_4_7553c557-413b-42f5-951b-9a6cd5a74b8d.jar {}
[INFO ] 2019-07-08T01:18:41,714Z [main] cordapp.JarScanningCordappLoader.findNotaryService - Found notary service CorDapp implementations:  {}
[INFO ] 2019-07-08T01:20:03,720Z [main] cordapp.JarScanningCordappLoader.<init> - Loading CorDapps from RestrictedURL(url=file:/Users/moin/Documents/corda/corda-bootcamp-practise/bootcamp-cordapp/build/generated-custom-cordapps/20190708-012003.373/custom-cordapp_1_4_e2dcea34-800e-4ed6-9e38-0838996cba78.jar, rootPackageName=null) {}
[INFO ] 2019-07-08T01:20:03,750Z [main] cordapp.JarScanningCordappLoader.scanCordapp - Scanning CorDapp in file:/Users/moin/Documents/corda/corda-bootcamp-practise/bootcamp-cordapp/build/generated-custom-cordapps/20190708-012003.373/custom-cordapp_1_4_e2dcea34-800e-4ed6-9e38-0838996cba78.jar {}
[INFO ] 2019-07-08T01:20:03,799Z [main] cordapp.JarScanningCordappLoader.findNotaryService - Found notary service CorDapp implementations:  {}
[WARN ] 2019-07-08T01:20:04,624Z [main] contracts.TransactionState.<init> - State class bootcamp.TokenState is not annotated with @BelongsToContract, and does not have an enclosing class which implements Contract. Annotate TokenState with @BelongsToContract(bootcamp.TokenContract.class) to remove this warning. {}
[WARN ] 2019-07-08T01:20:04,629Z [main] contracts.AttachmentConstraint.warnOnce - Found state bootcamp.TokenContract that is constrained by the insecure: AlwaysAcceptAttachmentConstraint. {}
[INFO ] 2019-07-08T01:20:04,700Z [main] model.LocalTypeInformationBuilder.buildNonAtomic - Properties of type bootcamp.TokenState do not satisfy its constructor, type has been marked as non-composable {}
[INFO ] 2019-07-08T01:26:47,866Z [main] cordapp.JarScanningCordappLoader.<init> - Loading CorDapps from RestrictedURL(url=file:/Users/moin/Documents/corda/corda-bootcamp-practise/bootcamp-cordapp/build/generated-custom-cordapps/20190708-012647.483/custom-cordapp_1_4_c7ff7bb1-ff36-4884-90fc-dedbebf5ae74.jar, rootPackageName=null) {}
[INFO ] 2019-07-08T01:26:47,901Z [main] cordapp.JarScanningCordappLoader.scanCordapp - Scanning CorDapp in file:/Users/moin/Documents/corda/corda-bootcamp-practise/bootcamp-cordapp/build/generated-custom-cordapps/20190708-012647.483/custom-cordapp_1_4_c7ff7bb1-ff36-4884-90fc-dedbebf5ae74.jar {}
[INFO ] 2019-07-08T01:26:47,949Z [main] cordapp.JarScanningCordappLoader.findNotaryService - Found notary service CorDapp implementations:  {}
[WARN ] 2019-07-08T01:26:48,768Z [main] contracts.AttachmentConstraint.warnOnce - Found state bootcamp.TokenContract that is constrained by the insecure: AlwaysAcceptAttachmentConstraint. {}
[INFO ] 2019-07-08T01:26:48,838Z [main] model.LocalTypeInformationBuilder.buildNonAtomic - Properties of type bootcamp.TokenState do not satisfy its constructor, type has been marked as non-composable {}
[INFO ] 2019-07-08T02:06:35,844Z [main] cordapp.JarScanningCordappLoader.<init> - Loading CorDapps from RestrictedURL(url=file:/Users/moin/Documents/corda/corda-bootcamp-practise/bootcamp-cordapp/build/generated-custom-cordapps/20190708-020635.467/custom-cordapp_1_4_9bea4d35-c781-4f70-9cc3-1645ae0a18c6.jar, rootPackageName=null) {}
[INFO ] 2019-07-08T02:06:35,869Z [main] cordapp.JarScanningCordappLoader.scanCordapp - Scanning CorDapp in file:/Users/moin/Documents/corda/corda-bootcamp-practise/bootcamp-cordapp/build/generated-custom-cordapps/20190708-020635.467/custom-cordapp_1_4_9bea4d35-c781-4f70-9cc3-1645ae0a18c6.jar {}
[INFO ] 2019-07-08T02:06:35,922Z [main] cordapp.JarScanningCordappLoader.findNotaryService - Found notary service CorDapp implementations:  {}
[WARN ] 2019-07-08T02:06:36,766Z [main] contracts.AttachmentConstraint.warnOnce - Found state bootcamp.TokenContract that is constrained by the insecure: AlwaysAcceptAttachmentConstraint. {}
[INFO ] 2019-07-08T02:06:36,826Z [main] model.LocalTypeInformationBuilder.buildNonAtomic - Properties of type bootcamp.TokenState do not satisfy its constructor, type has been marked as non-composable {}
[INFO ] 2019-07-08T02:55:40,051Z [main] cordapp.JarScanningCordappLoader.<init> - Loading CorDapps from RestrictedURL(url=file:/Users/moin/Documents/corda/corda-bootcamp-practise/bootcamp-cordapp/build/generated-custom-cordapps/20190708-025539.657/custom-cordapp_1_4_f53f2fec-6d8f-4c8b-b19e-50932fa7d9ff.jar, rootPackageName=null) {}
[INFO ] 2019-07-08T02:55:40,096Z [main] cordapp.JarScanningCordappLoader.scanCordapp - Scanning CorDapp in file:/Users/moin/Documents/corda/corda-bootcamp-practise/bootcamp-cordapp/build/generated-custom-cordapps/20190708-025539.657/custom-cordapp_1_4_f53f2fec-6d8f-4c8b-b19e-50932fa7d9ff.jar {}
[INFO ] 2019-07-08T02:55:40,148Z [main] cordapp.JarScanningCordappLoader.findNotaryService - Found notary service CorDapp implementations:  {}
[WARN ] 2019-07-08T02:55:41,164Z [main] contracts.AttachmentConstraint.warnOnce - Found state bootcamp.TokenContract that is constrained by the insecure: AlwaysAcceptAttachmentConstraint. {}
[INFO ] 2019-07-08T02:56:04,885Z [main] cordapp.JarScanningCordappLoader.<init> - Loading CorDapps from RestrictedURL(url=file:/Users/moin/Documents/corda/corda-bootcamp-practise/bootcamp-cordapp/build/generated-custom-cordapps/20190708-025604.492/custom-cordapp_1_4_a4c57a26-668c-45dc-8025-7fee1a3a084e.jar, rootPackageName=null) {}
[INFO ] 2019-07-08T02:56:04,922Z [main] cordapp.JarScanningCordappLoader.scanCordapp - Scanning CorDapp in file:/Users/moin/Documents/corda/corda-bootcamp-practise/bootcamp-cordapp/build/generated-custom-cordapps/20190708-025604.492/custom-cordapp_1_4_a4c57a26-668c-45dc-8025-7fee1a3a084e.jar {}
[INFO ] 2019-07-08T02:56:04,978Z [main] cordapp.JarScanningCordappLoader.findNotaryService - Found notary service CorDapp implementations:  {}
[WARN ] 2019-07-08T02:56:05,832Z [main] contracts.AttachmentConstraint.warnOnce - Found state bootcamp.TokenContract that is constrained by the insecure: AlwaysAcceptAttachmentConstraint. {}
